<?xml version="1.0" encoding="UTF-8"?>
<!-- Generated by org.testng.reporters.JUnitReportReporter -->
<testsuite hostname="INMAA1-L1005" name="com.javacodegeeks.testng.reports.TestClass3" tests="2" failures="0" timestamp="10 Mar 2015 06:23:10 GMT" time="0.000" errors="0">
  <testcase name="d1" time="0.000" classname="com.javacodegeeks.testng.reports.TestClass3"/>
  <testcase name="d2" time="0.000" classname="com.javacodegeeks.testng.reports.TestClass3"/>
</testsuite> <!-- com.javacodegeeks.testng.reports.TestClass3 -->
